[debug] [2023-04-19T18:52:16.872Z] ----------------------------------------------------------------------
[debug] [2023-04-19T18:52:16.875Z] Command:       C:\Program Files\nodejs\node.exe C:\Users\SAGAR\AppData\Roaming\npm\node_modules\firebase-tools\lib\bin\firebase.js init hosting
[debug] [2023-04-19T18:52:16.876Z] CLI Version:   11.28.0
[debug] [2023-04-19T18:52:16.877Z] Platform:      win32
[debug] [2023-04-19T18:52:16.877Z] Node Version:  v18.16.0
[debug] [2023-04-19T18:52:16.879Z] Time:          Thu Apr 20 2023 00:22:16 GMT+0530 (India Standard Time)
[debug] [2023-04-19T18:52:16.880Z] ----------------------------------------------------------------------
[debug] 
[debug] [2023-04-19T18:52:16.893Z] > command requires scopes: ["email","openid","https://www.googleapis.com/auth/cloudplatformprojects.readonly","https://www.googleapis.com/auth/firebase","https://www.googleapis.com/auth/cloud-platform"]
[debug] [2023-04-19T18:52:16.893Z] > authorizing via signed-in user (sagarjain0456@gmail.com)
[info] 
     ######## #### ########  ######## ########     ###     ######  ########
     ##        ##  ##     ## ##       ##     ##  ##   ##  ##       ##
     ######    ##  ########  ######   ########  #########  ######  ######
     ##        ##  ##    ##  ##       ##     ## ##     ##       ## ##
     ##       #### ##     ## ######## ########  ##     ##  ######  ########

You're about to initialize a Firebase project in this directory:

  C:\Users\SAGAR\OneDrive\Desktop\mytodolist

[info] 
=== Project Setup
[info] 
[info] First, let's associate this project directory with a Firebase project.
[info] You can create multiple project aliases by running firebase use --add, 
[info] but for now we'll just set up a default project.
[info] 
[debug] [2023-04-19T18:52:25.216Z] >>> [apiv2][query] GET https://firebase.googleapis.com/v1beta1/projects pageSize=100
[debug] [2023-04-19T18:52:26.586Z] <<< [apiv2][status] GET https://firebase.googleapis.com/v1beta1/projects 200
[debug] [2023-04-19T18:52:26.587Z] <<< [apiv2][body] GET https://firebase.googleapis.com/v1beta1/projects [omitted]
[info] i  Using project todolistapp007 (ToDoListApp) 
[info] 
=== Hosting Setup
[info] 
[info] Your public directory is the folder (relative to your project directory) that
[info] will contain Hosting assets to be uploaded with firebase deploy. If you
[info] have a build process for your assets, use your build's output directory.
[info] 
[info] +  Wrote public/404.html 
[debug] [2023-04-19T18:52:48.266Z] >>> [apiv2][query] GET https://www.gstatic.com/firebasejs/releases.json [none]
[debug] [2023-04-19T18:52:48.573Z] <<< [apiv2][status] GET https://www.gstatic.com/firebasejs/releases.json 200
[debug] [2023-04-19T18:52:48.574Z] <<< [apiv2][body] GET https://www.gstatic.com/firebasejs/releases.json {"current":{"version":"9.20.0","browserURL":"https://www.gstatic.com/firebasejs/9.20.0/firebase.js","packageURL":"https://www.gstatic.com/firebasejs/9.20.0/firebase.tgz"},"live":{"version":"9.20","browserURL":"https://www.gstatic.com/firebasejs/live/9.20/firebase.js","packageURL":"https://www.gstatic.com/firebasejs/live/9.20/firebase.tgz"},"components":{"analytics":"https://www.gstatic.com/firebasejs/9.20.0/firebase-analytics.js","app":"https://www.gstatic.com/firebasejs/9.20.0/firebase-app.js","app-check":"https://www.gstatic.com/firebasejs/9.20.0/firebase-app-check.js","auth":"https://www.gstatic.com/firebasejs/9.20.0/firebase-auth.js","auth/cordova":"https://www.gstatic.com/firebasejs/9.20.0/firebase-auth/cordova.js","auth/react-native":"https://www.gstatic.com/firebasejs/9.20.0/firebase-auth/react-native.js","functions":"https://www.gstatic.com/firebasejs/9.20.0/firebase-functions.js","firestore":"https://www.gstatic.com/firebasejs/9.20.0/firebase-firestore.js","firestore/lite":"https://www.gstatic.com/firebasejs/9.20.0/firebase-firestore/lite.js","installations":"https://www.gstatic.com/firebasejs/9.20.0/firebase-installations.js","storage":"https://www.gstatic.com/firebasejs/9.20.0/firebase-storage.js","performance":"https://www.gstatic.com/firebasejs/9.20.0/firebase-performance.js","remote-config":"https://www.gstatic.com/firebasejs/9.20.0/firebase-remote-config.js","messaging":"https://www.gstatic.com/firebasejs/9.20.0/firebase-messaging.js","messaging/sw":"https://www.gstatic.com/firebasejs/9.20.0/firebase-messaging/sw.js","database":"https://www.gstatic.com/firebasejs/9.20.0/firebase-database.js","firestore.memory":"https://www.gstatic.com/firebasejs/9.20.0/firebase-firestore.memory.js"}}
[info] +  Wrote public/index.html 
[info] 
[info] i  Detected a .git folder at C:\Users\SAGAR\OneDrive\Desktop\mytodolist 
[info] i  Authorizing with GitHub to upload your service account to a GitHub repository's secrets store. 
[info] 
[info] Visit this URL on this device to log in:
[info] https://github.com/login/oauth/authorize?client_id=89cf50f02ac6aaed3484&state=112884690&redirect_uri=http%3A%2F%2Flocalhost%3A9005&scope=read%3Auser%20repo%20public_repo
[info] 
[info] Waiting for authentication...
[debug] [2023-04-19T18:55:23.596Z] >>> [apiv2][query] POST https://github.com/login/oauth/access_token [none]
[debug] [2023-04-19T18:55:23.597Z] >>> [apiv2][body] POST https://github.com/login/oauth/access_token [stream]
[debug] [2023-04-19T18:55:24.381Z] <<< [apiv2][status] POST https://github.com/login/oauth/access_token 200
[debug] [2023-04-19T18:55:24.382Z] <<< [apiv2][body] POST https://github.com/login/oauth/access_token {"access_token":"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","token_type":"bearer","scope":"read:user,repo"}
[debug] [2023-04-19T18:55:24.393Z] >>> [apiv2][query] GET https://api.github.com/user [none]
[debug] [2023-04-19T18:55:25.255Z] <<< [apiv2][status] GET https://api.github.com/user 200
[debug] [2023-04-19T18:55:25.256Z] <<< [apiv2][body] GET https://api.github.com/user {"login":"sagarjain0456","id":72862757,"node_id":"MDQ6VXNlcjcyODYyNzU3","avatar_url":"https://avatars.githubusercontent.com/u/72862757?v=4","gravatar_id":"","url":"https://api.github.com/users/sagarjain0456","html_url":"https://github.com/sagarjain0456","followers_url":"https://api.github.com/users/sagarjain0456/followers","following_url":"https://api.github.com/users/sagarjain0456/following{/other_user}","gists_url":"https://api.github.com/users/sagarjain0456/gists{/gist_id}","starred_url":"https://api.github.com/users/sagarjain0456/starred{/owner}{/repo}","subscriptions_url":"https://api.github.com/users/sagarjain0456/subscriptions","organizations_url":"https://api.github.com/users/sagarjain0456/orgs","repos_url":"https://api.github.com/users/sagarjain0456/repos","events_url":"https://api.github.com/users/sagarjain0456/events{/privacy}","received_events_url":"https://api.github.com/users/sagarjain0456/received_events","type":"User","site_admin":false,"name":null,"company":null,"blog":"","location":null,"email":null,"hireable":null,"bio":null,"twitter_username":null,"public_repos":56,"public_gists":0,"followers":6,"following":6,"created_at":"2020-10-14T10:11:42Z","updated_at":"2023-04-12T12:12:11Z","private_gists":0,"total_private_repos":0,"owned_private_repos":0,"disk_usage":143112,"collaborators":0,"two_factor_authentication":false,"plan":{"name":"pro","space":976562499,"collaborators":0,"private_repos":9999}}
[info] 
[info] +  Success! Logged into GitHub as sagarjain0456 
[info] 
